<?xml version="1.0" encoding="UTF-8"?>
<!-- Generated by org.testng.reporters.JUnitReportReporter -->
<testsuite hostname="KSPL0222-L" failures="0" tests="1" name="amz.Asetup" time="21.124" errors="0" timestamp="2024-11-12T16:03:46 IST" skipped="0">
  <testcase classname="amz.Asetup" name="Testpage" time="21.124"/>
</testsuite> <!-- amz.Asetup -->
